mode: atomic
github.com/hsqds/conf/config.go:24.57,26.9 2 0
github.com/hsqds/conf/config.go:30.2,30.12 1 0
github.com/hsqds/conf/config.go:26.9,28.3 1 0
github.com/hsqds/conf/config.go:34.43,36.2 1 0
github.com/hsqds/conf/config.go:39.56,41.16 2 0
github.com/hsqds/conf/config.go:45.2,48.16 3 0
github.com/hsqds/conf/config.go:52.2,52.24 1 0
github.com/hsqds/conf/config.go:41.16,43.3 1 0
github.com/hsqds/conf/config.go:48.16,50.3 1 0
github.com/hsqds/conf/configs_storage.go:19.54,23.2 1 0
github.com/hsqds/conf/configs_storage.go:26.74,33.2 4 0
github.com/hsqds/conf/configs_storage.go:36.72,41.9 4 0
github.com/hsqds/conf/configs_storage.go:45.2,45.17 1 0
github.com/hsqds/conf/configs_storage.go:41.9,43.3 1 0
github.com/hsqds/conf/errors.go:10.51,12.2 1 0
github.com/hsqds/conf/errors.go:19.47,21.2 1 0
github.com/hsqds/conf/errors.go:29.44,31.2 1 0
github.com/hsqds/conf/loader.go:34.62,38.2 2 0
github.com/hsqds/conf/loader.go:42.70,53.30 5 0
github.com/hsqds/conf/loader.go:57.2,60.16 3 0
github.com/hsqds/conf/loader.go:67.2,67.31 1 0
github.com/hsqds/conf/loader.go:53.30,55.3 1 0
github.com/hsqds/conf/loader.go:60.16,65.3 3 0
github.com/hsqds/conf/loader.go:67.31,71.17 3 0
github.com/hsqds/conf/loader.go:79.3,81.22 3 0
github.com/hsqds/conf/loader.go:71.17,76.12 4 0
github.com/hsqds/conf/loader.go:87.106,97.9 3 0
github.com/hsqds/conf/loader.go:104.2,108.30 4 0
github.com/hsqds/conf/loader.go:114.2,119.29 5 0
github.com/hsqds/conf/loader.go:123.2,125.16 2 0
github.com/hsqds/conf/loader.go:97.9,102.3 3 0
github.com/hsqds/conf/loader.go:108.30,112.3 2 0
github.com/hsqds/conf/loader.go:119.29,121.3 1 0
github.com/hsqds/conf/provider.go:26.71,33.2 1 0
github.com/hsqds/conf/provider.go:37.57,44.2 1 0
github.com/hsqds/conf/provider.go:47.93,49.16 2 0
github.com/hsqds/conf/provider.go:53.2,53.17 1 0
github.com/hsqds/conf/provider.go:49.16,51.3 1 0
github.com/hsqds/conf/provider.go:59.40,61.2 1 0
github.com/hsqds/conf/provider.go:64.54,65.46 1 0
github.com/hsqds/conf/provider.go:69.2,69.12 1 0
github.com/hsqds/conf/provider.go:65.46,67.3 1 0
github.com/hsqds/conf/provider.go:73.78,84.25 5 0
github.com/hsqds/conf/provider.go:111.2,111.40 1 0
github.com/hsqds/conf/provider.go:120.2,120.12 1 0
github.com/hsqds/conf/provider.go:84.25,88.24 3 0
github.com/hsqds/conf/provider.go:94.3,95.17 2 0
github.com/hsqds/conf/provider.go:100.3,103.33 3 0
github.com/hsqds/conf/provider.go:88.24,91.12 2 0
github.com/hsqds/conf/provider.go:95.17,98.4 2 0
github.com/hsqds/conf/provider.go:103.33,108.4 1 0
github.com/hsqds/conf/provider.go:111.40,115.17 3 0
github.com/hsqds/conf/provider.go:115.17,117.4 1 0
github.com/hsqds/conf/provider.go:124.53,125.39 1 0
github.com/hsqds/conf/provider.go:125.39,127.3 1 0
github.com/hsqds/conf/source.go:36.54,40.2 1 0
github.com/hsqds/conf/source.go:43.57,49.35 4 0
github.com/hsqds/conf/source.go:53.2,55.12 2 0
github.com/hsqds/conf/source.go:49.35,51.3 1 0
github.com/hsqds/conf/source.go:59.48,64.32 4 0
github.com/hsqds/conf/source.go:68.2,68.12 1 0
github.com/hsqds/conf/source.go:64.32,66.3 1 0
github.com/hsqds/conf/source.go:72.69,77.9 4 0
github.com/hsqds/conf/source.go:81.2,81.17 1 0
github.com/hsqds/conf/source.go:77.9,79.3 1 0
github.com/hsqds/conf/sources/flagssource.go:27.87,37.2 2 0
github.com/hsqds/conf/sources/flagssource.go:40.51,41.2 0 0
github.com/hsqds/conf/sources/flagssource.go:44.35,46.2 1 0
github.com/hsqds/conf/sources/flagssource.go:49.38,51.2 1 0
github.com/hsqds/conf/sources/flagssource.go:54.78,56.9 2 0
github.com/hsqds/conf/sources/flagssource.go:60.2,60.17 1 0
github.com/hsqds/conf/sources/flagssource.go:56.9,58.3 1 0
github.com/hsqds/conf/sources/flagssource.go:64.80,74.31 4 0
github.com/hsqds/conf/sources/flagssource.go:102.2,102.12 1 0
github.com/hsqds/conf/sources/flagssource.go:74.31,80.35 4 0
github.com/hsqds/conf/sources/flagssource.go:99.3,99.26 1 0
github.com/hsqds/conf/sources/flagssource.go:80.35,81.42 1 0
github.com/hsqds/conf/sources/flagssource.go:85.4,91.37 4 0
github.com/hsqds/conf/sources/flagssource.go:95.4,96.32 2 0
github.com/hsqds/conf/sources/flagssource.go:81.42,82.13 1 0
github.com/hsqds/conf/sources/flagssource.go:91.37,92.13 1 0
github.com/hsqds/conf/sources/helpers.go:8.48,13.51 2 20
github.com/hsqds/conf/sources/helpers.go:17.2,20.37 3 7
github.com/hsqds/conf/sources/helpers.go:24.2,24.35 1 7
github.com/hsqds/conf/sources/helpers.go:13.51,15.3 1 13
github.com/hsqds/conf/sources/helpers.go:20.37,22.3 1 23
github.com/hsqds/conf/sources/helpers.go:29.44,34.22 4 4
github.com/hsqds/conf/sources/helpers.go:45.2,45.14 1 4
github.com/hsqds/conf/sources/helpers.go:34.22,36.24 2 14
github.com/hsqds/conf/sources/helpers.go:40.3,42.33 2 8
github.com/hsqds/conf/sources/helpers.go:36.24,37.12 1 6
github.com/hsqds/conf/sources/jsonsource.go:28.95,38.2 2 0
github.com/hsqds/conf/sources/jsonsource.go:41.38,43.2 1 0
github.com/hsqds/conf/sources/jsonsource.go:46.77,50.16 3 0
github.com/hsqds/conf/sources/jsonsource.go:54.2,55.16 2 0
github.com/hsqds/conf/sources/jsonsource.go:59.2,64.16 4 0
github.com/hsqds/conf/sources/jsonsource.go:68.2,68.24 1 0
github.com/hsqds/conf/sources/jsonsource.go:72.2,74.12 2 0
github.com/hsqds/conf/sources/jsonsource.go:50.16,52.3 1 0
github.com/hsqds/conf/sources/jsonsource.go:55.16,57.3 1 0
github.com/hsqds/conf/sources/jsonsource.go:64.16,66.3 1 0
github.com/hsqds/conf/sources/jsonsource.go:68.24,70.3 1 0
github.com/hsqds/conf/sources/jsonsource.go:78.53,79.39 1 0
github.com/hsqds/conf/sources/jsonsource.go:79.39,81.3 1 0
github.com/hsqds/conf/sources/jsonsource.go:85.41,87.2 1 0
github.com/hsqds/conf/sources/jsonsource.go:90.81,92.9 2 0
github.com/hsqds/conf/sources/jsonsource.go:96.2,96.17 1 0
github.com/hsqds/conf/sources/jsonsource.go:92.9,94.3 1 0
github.com/hsqds/conf/sources/mapsource.go:19.73,25.2 1 0
github.com/hsqds/conf/sources/mapsource.go:28.33,30.2 1 0
github.com/hsqds/conf/sources/mapsource.go:33.72,35.2 1 0
github.com/hsqds/conf/sources/mapsource.go:38.36,40.2 1 0
github.com/hsqds/conf/sources/mapsource.go:43.76,45.9 2 0
github.com/hsqds/conf/sources/mapsource.go:49.2,49.17 1 0
github.com/hsqds/conf/sources/mapsource.go:45.9,47.3 1 0
github.com/hsqds/conf/sources/mapsource.go:53.54,55.2 1 0
github.com/hsqds/conf/sources/envsource.go:23.59,30.2 1 5
github.com/hsqds/conf/sources/envsource.go:33.49,33.50 0 0
github.com/hsqds/conf/sources/envsource.go:36.33,38.2 1 2
github.com/hsqds/conf/sources/envsource.go:41.36,43.2 1 1
github.com/hsqds/conf/sources/envsource.go:46.76,48.9 2 5
github.com/hsqds/conf/sources/envsource.go:52.2,52.17 1 4
github.com/hsqds/conf/sources/envsource.go:48.9,50.3 1 1
github.com/hsqds/conf/sources/envsource.go:56.72,67.31 3 3
github.com/hsqds/conf/sources/envsource.go:86.2,86.12 1 3
github.com/hsqds/conf/sources/envsource.go:67.31,73.29 4 5
github.com/hsqds/conf/sources/envsource.go:83.3,83.26 1 5
github.com/hsqds/conf/sources/envsource.go:73.29,75.33 2 50
github.com/hsqds/conf/sources/envsource.go:79.4,80.43 2 16
github.com/hsqds/conf/sources/envsource.go:75.33,76.13 1 34
github.com/hsqds/conf/sources/errors.go:12.44,14.2 1 1
